[debug] [2022-09-06T15:54:18.099Z] ----------------------------------------------------------------------
[debug] [2022-09-06T15:54:18.101Z] Command:       /home/gitpod/.nvm/versions/node/v16.17.0/bin/node /home/gitpod/.nvm/versions/node/v16.17.0/bin/firebase login
[debug] [2022-09-06T15:54:18.101Z] CLI Version:   11.8.0
[debug] [2022-09-06T15:54:18.102Z] Platform:      linux
[debug] [2022-09-06T15:54:18.102Z] Node Version:  v16.17.0
[debug] [2022-09-06T15:54:18.102Z] Time:          Tue Sep 06 2022 15:54:18 GMT+0000 (Coordinated Universal Time)
[debug] [2022-09-06T15:54:18.102Z] ----------------------------------------------------------------------
[debug] 
[info] i  Firebase optionally collects CLI and Emulator Suite usage and error reporting information to help improve our products. Data is collected in accordance with Google's privacy policy (https://policies.google.com/privacy) and is not used to identify you.
 
[info] i  To change your data collection preference at any time, run `firebase logout` and log in again. 
[info] 
[info] Visit this URL on this device to log in:
[info] https://accounts.google.com/o/oauth2/auth?client_id=563584335869-fgrhgmd47bqnekij5i8b5pr03ho849e6.apps.googleusercontent.com&scope=email%20openid%20https%3A%2F%2Fwww.googleapis.com%2Fauth%2Fcloudplatformprojects.readonly%20https%3A%2F%2Fwww.googleapis.com%2Fauth%2Ffirebase%20https%3A%2F%2Fwww.googleapis.com%2Fauth%2Fcloud-platform&response_type=code&state=455533362&redirect_uri=http%3A%2F%2Flocalhost%3A9005
[info] 
[info] Waiting for authentication...
[debug] [2022-09-06T15:55:37.203Z] ----------------------------------------------------------------------
[debug] [2022-09-06T15:55:37.205Z] Command:       /home/gitpod/.nvm/versions/node/v16.17.0/bin/node /home/gitpod/.nvm/versions/node/v16.17.0/bin/firebase login
[debug] [2022-09-06T15:55:37.205Z] CLI Version:   11.8.0
[debug] [2022-09-06T15:55:37.205Z] Platform:      linux
[debug] [2022-09-06T15:55:37.206Z] Node Version:  v16.17.0
[debug] [2022-09-06T15:55:37.206Z] Time:          Tue Sep 06 2022 15:55:37 GMT+0000 (Coordinated Universal Time)
[debug] [2022-09-06T15:55:37.206Z] ----------------------------------------------------------------------
[debug] 
[info] i  Firebase optionally collects CLI and Emulator Suite usage and error reporting information to help improve our products. Data is collected in accordance with Google's privacy policy (https://policies.google.com/privacy) and is not used to identify you.
 
[info] i  To change your data collection preference at any time, run `firebase logout` and log in again. 
[info] 
[info] Visit this URL on this device to log in:
[info] https://accounts.google.com/o/oauth2/auth?client_id=563584335869-fgrhgmd47bqnekij5i8b5pr03ho849e6.apps.googleusercontent.com&scope=email%20openid%20https%3A%2F%2Fwww.googleapis.com%2Fauth%2Fcloudplatformprojects.readonly%20https%3A%2F%2Fwww.googleapis.com%2Fauth%2Ffirebase%20https%3A%2F%2Fwww.googleapis.com%2Fauth%2Fcloud-platform&response_type=code&state=42338828&redirect_uri=http%3A%2F%2Flocalhost%3A9005
[info] 
[info] Waiting for authentication...
